d:\thesis\flexible job shop scheduling\flexible job shop scheduling\x64\debug\vc145.pdb
d:\thesis\flexible job shop scheduling\flexible job shop scheduling\x64\debug\vc145.idb
d:\thesis\flexible job shop scheduling\flexible job shop scheduling\x64\debug\main.obj
d:\thesis\flexible job shop scheduling\flexible job shop scheduling\x64\debug\codeexplanation.obj
d:\thesis\flexible job shop scheduling\flexible job shop scheduling\x64\debug\globalreport.obj
d:\thesis\flexible job shop scheduling\flexible job shop scheduling\x64\debug\instancereport.obj
d:\thesis\flexible job shop scheduling\flexible job shop scheduling\x64\debug\bestknownregistry.obj
d:\thesis\flexible job shop scheduling\flexible job shop scheduling\x64\debug\fjsinstancereader.obj
d:\thesis\flexible job shop scheduling\flexible job shop scheduling\x64\debug\gamesolver.obj
d:\thesis\flexible job shop scheduling\flexible job shop scheduling\x64\debug\payofffunction.obj
d:\thesis\flexible job shop scheduling\flexible job shop scheduling\x64\debug\schedulebuilder.obj
d:\thesis\flexible job shop scheduling\flexible job shop scheduling\x64\debug\instance.obj
d:\thesis\flexible job shop scheduling\flexible job shop scheduling\x64\debug\job.obj
d:\thesis\flexible job shop scheduling\flexible job shop scheduling\x64\debug\operation.obj
d:\thesis\flexible job shop scheduling\flexible job shop scheduling\x64\debug\machine.obj
d:\thesis\flexible job shop scheduling\flexible job shop scheduling\x64\debug\beliefmodel.obj
d:\thesis\flexible job shop scheduling\x64\debug\flexible job shop scheduling.exe
d:\thesis\flexible job shop scheduling\x64\debug\flexible job shop scheduling.pdb
d:\thesis\flexible job shop scheduling\flexible job shop scheduling\x64\debug\flexible job shop scheduling.ilk
d:\thesis\flexible job shop scheduling\flexible job shop scheduling\x64\debug\flexible job shop scheduling.obj
d:\thesis\flexible job shop scheduling\flexible job shop scheduling\x64\debug\flexible.a71c3886.tlog\cl.command.1.tlog
d:\thesis\flexible job shop scheduling\flexible job shop scheduling\x64\debug\flexible.a71c3886.tlog\cl.items.tlog
d:\thesis\flexible job shop scheduling\flexible job shop scheduling\x64\debug\flexible.a71c3886.tlog\cl.read.1.tlog
d:\thesis\flexible job shop scheduling\flexible job shop scheduling\x64\debug\flexible.a71c3886.tlog\cl.write.1.tlog
d:\thesis\flexible job shop scheduling\flexible job shop scheduling\x64\debug\flexible.a71c3886.tlog\link.command.1.tlog
d:\thesis\flexible job shop scheduling\flexible job shop scheduling\x64\debug\flexible.a71c3886.tlog\link.read.1.tlog
d:\thesis\flexible job shop scheduling\flexible job shop scheduling\x64\debug\flexible.a71c3886.tlog\link.secondary.1.tlog
d:\thesis\flexible job shop scheduling\flexible job shop scheduling\x64\debug\flexible.a71c3886.tlog\link.write.1.tlog
