d:\thesis\flexible job shop scheduling\flexible job shop scheduling\x64\release\vc145.pdb
d:\thesis\flexible job shop scheduling\flexible job shop scheduling\x64\release\codeexplanation.obj
d:\thesis\flexible job shop scheduling\flexible job shop scheduling\x64\release\globalreport.obj
d:\thesis\flexible job shop scheduling\flexible job shop scheduling\x64\release\instancereport.obj
d:\thesis\flexible job shop scheduling\flexible job shop scheduling\x64\release\bestknownregistry.obj
d:\thesis\flexible job shop scheduling\flexible job shop scheduling\x64\release\fictitiousplay.obj
d:\thesis\flexible job shop scheduling\flexible job shop scheduling\x64\release\fjsinstancereader.obj
d:\thesis\flexible job shop scheduling\flexible job shop scheduling\x64\release\strategiccoordinationlayer.obj
d:\thesis\flexible job shop scheduling\flexible job shop scheduling\x64\release\operationaldispatchinglayer.obj
d:\thesis\flexible job shop scheduling\flexible job shop scheduling\x64\release\payofffunction.obj
d:\thesis\flexible job shop scheduling\flexible job shop scheduling\x64\release\stablesolution.obj
d:\thesis\flexible job shop scheduling\flexible job shop scheduling\x64\release\solution.obj
d:\thesis\flexible job shop scheduling\flexible job shop scheduling\x64\release\strategy.obj
d:\thesis\flexible job shop scheduling\flexible job shop scheduling\x64\release\randomkick.obj
d:\thesis\flexible job shop scheduling\flexible job shop scheduling\x64\release\taskpool.obj
d:\thesis\flexible job shop scheduling\flexible job shop scheduling\x64\release\schedulebuilder.obj
d:\thesis\flexible job shop scheduling\flexible job shop scheduling\x64\release\instance.obj
d:\thesis\flexible job shop scheduling\flexible job shop scheduling\x64\release\player.obj
d:\thesis\flexible job shop scheduling\flexible job shop scheduling\x64\release\job.obj
d:\thesis\flexible job shop scheduling\flexible job shop scheduling\x64\release\operation.obj
d:\thesis\flexible job shop scheduling\flexible job shop scheduling\x64\release\machine.obj
d:\thesis\flexible job shop scheduling\flexible job shop scheduling\x64\release\main.obj
d:\thesis\flexible job shop scheduling\flexible job shop scheduling\x64\release\crossover.obj
d:\thesis\flexible job shop scheduling\flexible job shop scheduling\x64\release\ganttchart.obj
d:\thesis\flexible job shop scheduling\x64\release\flexible job shop scheduling.exe
d:\thesis\flexible job shop scheduling\x64\release\flexible job shop scheduling.pdb
d:\thesis\flexible job shop scheduling\flexible job shop scheduling\x64\release\flexible job shop scheduling.ipdb
d:\thesis\flexible job shop scheduling\flexible job shop scheduling\x64\release\flexible job shop scheduling.iobj
d:\thesis\flexible job shop scheduling\flexible job shop scheduling\x64\release\flexible.a71c3886.tlog\cl.command.1.tlog
d:\thesis\flexible job shop scheduling\flexible job shop scheduling\x64\release\flexible.a71c3886.tlog\cl.items.tlog
d:\thesis\flexible job shop scheduling\flexible job shop scheduling\x64\release\flexible.a71c3886.tlog\cl.read.1.tlog
d:\thesis\flexible job shop scheduling\flexible job shop scheduling\x64\release\flexible.a71c3886.tlog\cl.write.1.tlog
d:\thesis\flexible job shop scheduling\flexible job shop scheduling\x64\release\flexible.a71c3886.tlog\link.command.1.tlog
d:\thesis\flexible job shop scheduling\flexible job shop scheduling\x64\release\flexible.a71c3886.tlog\link.read.1.tlog
d:\thesis\flexible job shop scheduling\flexible job shop scheduling\x64\release\flexible.a71c3886.tlog\link.secondary.1.tlog
d:\thesis\flexible job shop scheduling\flexible job shop scheduling\x64\release\flexible.a71c3886.tlog\link.write.1.tlog
