  Machine.cpp
  Operation.cpp
  Job.cpp
  Player.cpp
  Instance.cpp
  ScheduleBuilder.cpp
  RandomKick.cpp
  Strategy.cpp
  Solution.cpp
  StableSolution.cpp
  PayoffFunction.cpp
  OperationalDispatchingLayer.cpp
  StrategicCoordinationLayer.cpp
  FjsInstanceReader.cpp
  FictitiousPlay.cpp
  BestKnownRegistry.cpp
  InstanceReport.cpp
  GlobalReport.cpp
  CodeExplanation.cpp
  GanttChart.cpp
  Compiling...
  Crossover.cpp
  main.cpp
  Generating code
  Previous IPDB not found, fall back to full compilation.
  All 2995 functions were compiled because no usable IPDB/IOBJ from previous compilation was found.
  Finished generating code
  Flexible Job Shop Scheduling.vcxproj -> D:\Thesis\Flexible Job Shop Scheduling\x64\Release\Flexible Job Shop Scheduling.exe
